[  0%] Built target sensor_msgs_generate_messages_eus
[  0%] Built target nav_msgs_generate_messages_cpp
[  0%] Built target sensor_msgs_generate_messages_cpp
[  0%] Built target std_msgs_generate_messages_cpp
[  0%] Built target nav_msgs_generate_messages_eus
[  5%] Built target std_msgs_generate_messages_eus
[ 35%] Built target f1tenth_simulator
[ 35%] Built target nav_msgs_generate_messages_lisp
[ 35%] Built target sensor_msgs_generate_messages_nodejs
[ 35%] Built target std_msgs_generate_messages_nodejs
[ 35%] Built target std_msgs_generate_messages_lisp
[ 35%] Built target sensor_msgs_generate_messages_lisp
[ 35%] Built target nav_msgs_generate_messages_nodejs
[ 35%] Built target sensor_msgs_generate_messages_py
[ 35%] Built target std_msgs_generate_messages_py
[ 35%] Built target f1tenth_simulator_generate_messages_cpp
[ 35%] Built target nav_msgs_generate_messages_py
[ 35%] Built target f1tenth_simulator_generate_messages_lisp
[ 35%] Built target f1tenth_simulator_generate_messages_nodejs
[ 41%] Built target f1tenth_simulator_generate_messages_eus
[ 52%] Built target behavior_controller
[ 64%] Built target random_walk
[ 76%] Built target simulator
[ 82%] Built target f1tenth_simulator_generate_messages_py
[ 88%] Built target mux
[100%] Built target keyboard
[100%] Built target f1tenth_simulator_generate_messages
