[  0%] Built target nav_msgs_generate_messages_lisp
[  0%] Built target nav_msgs_generate_messages_eus
[  0%] Built target std_msgs_generate_messages_cpp
[  0%] Built target sensor_msgs_generate_messages_cpp
[  0%] Built target sensor_msgs_generate_messages_eus
[  0%] Built target nav_msgs_generate_messages_cpp
[ 35%] Built target f1tenth_simulator
[ 35%] Built target std_msgs_generate_messages_eus
[ 35%] Built target sensor_msgs_generate_messages_nodejs
[ 35%] Built target std_msgs_generate_messages_nodejs
[ 35%] Built target nav_msgs_generate_messages_nodejs
[ 35%] Built target std_msgs_generate_messages_lisp
[ 35%] Built target sensor_msgs_generate_messages_lisp
[ 35%] Built target sensor_msgs_generate_messages_py
[ 35%] Built target std_msgs_generate_messages_py
[ 35%] Built target nav_msgs_generate_messages_py
[ 35%] Built target f1tenth_simulator_generate_messages_cpp
[ 35%] Built target f1tenth_simulator_generate_messages_nodejs
[ 41%] Built target f1tenth_simulator_generate_messages_eus
[ 41%] Built target f1tenth_simulator_generate_messages_lisp
[ 41%] Built target f1tenth_simulator_generate_messages_py
[ 52%] Built target random_walk
[ 70%] Built target simulator
[ 76%] Built target mux
[ 88%] Built target keyboard
[ 88%] Built target f1tenth_simulator_generate_messages
[100%] Built target behavior_controller
