[ 35%] Built target f1tenth_simulator
[ 35%] Built target std_msgs_generate_messages_cpp
[ 35%] Built target sensor_msgs_generate_messages_cpp
[ 35%] Built target nav_msgs_generate_messages_cpp
[ 35%] Built target sensor_msgs_generate_messages_eus
[ 35%] Built target nav_msgs_generate_messages_eus
[ 35%] Built target std_msgs_generate_messages_eus
[ 35%] Built target nav_msgs_generate_messages_lisp
[ 35%] Built target sensor_msgs_generate_messages_lisp
[ 35%] Built target std_msgs_generate_messages_lisp
[ 35%] Built target sensor_msgs_generate_messages_nodejs
[ 35%] Built target std_msgs_generate_messages_nodejs
[ 35%] Built target sensor_msgs_generate_messages_py
[ 35%] Built target nav_msgs_generate_messages_nodejs
[ 41%] Built target f1tenth_simulator_generate_messages_eus
[ 41%] Built target std_msgs_generate_messages_py
[ 41%] Built target nav_msgs_generate_messages_py
[ 41%] Built target f1tenth_simulator_generate_messages_cpp
[ 41%] Built target f1tenth_simulator_generate_messages_lisp
[ 41%] Built target f1tenth_simulator_generate_messages_nodejs
[ 41%] Built target f1tenth_simulator_generate_messages_py
[ 52%] Built target simulator
[ 64%] Built target behavior_controller
[ 88%] Built target keyboard
[ 88%] Built target random_walk
[100%] Built target mux
[100%] Built target f1tenth_simulator_generate_messages
